2024-11-14 23:57:57,659 - INFO - Логування налаштовано
2024-11-14 23:57:57,659 - DEBUG - Команди для лабораторних робіт створені
2024-11-14 23:57:57,659 - DEBUG - Ініціалізовано Runner
2024-11-14 23:57:57,659 - INFO - Відображення головного меню
2024-11-14 23:58:00,969 - INFO - Запуск лабораторної роботи
2024-11-14 23:58:05,671 - DEBUG - Запуск скрипту E:/SC Python/lab5/runner.py
2024-11-14 23:58:33,783 - INFO - Логування налаштовано
2024-11-14 23:58:33,783 - DEBUG - Команди для лабораторних робіт створені
2024-11-14 23:58:33,783 - DEBUG - Ініціалізовано Runner
2024-11-14 23:58:33,783 - INFO - Відображення головного меню
2024-11-14 23:58:35,791 - INFO - Запуск лабораторної роботи
2024-11-14 23:58:37,340 - DEBUG - Запуск скрипту E:/SC Python/lab1/runner.py
2024-11-14 23:58:42,755 - DEBUG - Лабораторна робота 1 запущена
2024-11-14 23:58:42,755 - INFO - Відображення головного меню
2024-11-14 23:58:45,396 - INFO - Перегляд історії запусків
2024-11-14 23:58:45,397 - INFO - Відображення головного меню
2024-11-14 23:58:49,470 - INFO - Скасування останнього запуску лабораторної роботи
2024-11-14 23:58:49,470 - DEBUG - Скасовано запуск лабораторної роботи 1
2024-11-14 23:58:49,470 - INFO - Відображення головного меню
2024-11-14 23:58:51,484 - INFO - Скасування останнього запуску лабораторної роботи
2024-11-14 23:58:51,485 - INFO - Історія порожня при спробі скасування
2024-11-14 23:58:51,485 - INFO - Відображення головного меню
2024-11-14 23:58:54,105 - INFO - Вихід з програми
2024-11-14 23:58:54,105 - INFO - Відображення головного меню
2024-11-14 23:58:59,568 - INFO - Вихід з програми
2024-11-14 23:58:59,569 - INFO - Відображення головного меню
2024-11-15 00:00:14,251 - INFO - Логування налаштовано
2024-11-15 00:00:14,251 - DEBUG - Команди для лабораторних робіт створені
2024-11-15 00:00:14,251 - DEBUG - Ініціалізовано Runner
2024-11-15 00:00:14,251 - INFO - Відображення головного меню
2024-11-15 00:00:16,279 - INFO - Запуск лабораторної роботи
2024-11-15 00:00:16,987 - DEBUG - Запуск скрипту E:/SC Python/lab1/runner.py
2024-11-15 00:00:20,217 - DEBUG - Лабораторна робота 1 запущена
2024-11-15 00:00:20,217 - INFO - Відображення головного меню
2024-11-15 00:00:24,302 - INFO - Перегляд історії запусків
2024-11-15 00:00:24,302 - INFO - Відображення головного меню
2024-11-15 00:00:26,082 - INFO - Скасування останнього запуску лабораторної роботи
2024-11-15 00:00:26,083 - DEBUG - Скасовано запуск лабораторної роботи 1
2024-11-15 00:00:26,083 - INFO - Відображення головного меню
2024-11-15 00:00:27,211 - INFO - Вихід з програми
2024-11-15 00:00:27,212 - INFO - Відображення головного меню
2024-11-15 00:15:11,553 - INFO - Логування налаштовано
2024-11-15 00:15:11,554 - DEBUG - Команди для лабораторних робіт створені
2024-11-15 00:15:11,554 - DEBUG - Ініціалізовано Runner
2024-11-15 00:15:11,554 - INFO - Відображення головного меню
2024-11-15 11:08:31,693 - INFO - Логування налаштовано
2024-11-15 11:08:31,694 - DEBUG - Команди для лабораторних робіт створені
2024-11-15 11:08:31,695 - DEBUG - Ініціалізовано Runner
2024-11-15 11:08:31,695 - INFO - Відображення головного меню
2024-11-30 12:20:26,680 - INFO - Логування налаштовано
2024-11-30 12:20:26,686 - DEBUG - Команди для лабораторних робіт створені
2024-11-30 12:20:26,686 - DEBUG - Ініціалізовано Runner
2024-11-30 12:20:26,686 - INFO - Відображення головного меню
